<?xml version="1.0" encoding="UTF-8"?>
<!-- Generated by org.testng.reporters.JUnitReportReporter -->
<testsuite hostname="Acer" failures="0" tests="1" name="Maven8.RE_01_TEST" time="34.110" errors="0" timestamp="2022-12-08T16:32:24 IST" skipped="0">
  <testcase classname="Maven8.RE_01_TEST" name="demo" time="34.110"/>
  <system-out/>
</testsuite> <!-- Maven8.RE_01_TEST -->
